Listening... Press Ctrl+C to exit
Listening... Press Ctrl+C to exit
Listening... Press Ctrl+C to exit
录音开始
录音完毕
{'corpus_no': '7084612151588601340', 'err_msg': 'success.', 'err_no': 0, 'result': ['关灯。'], 'sn': '575677491251649514807'}
Listening... Press Ctrl+C to exit
录音开始
录音完毕
{'corpus_no': '7084612181678488797', 'err_msg': 'success.', 'err_no': 0, 'result': ['开灯。'], 'sn': '918972786941649514814'}
Listening... Press Ctrl+C to exit
录音开始
录音完毕
{'corpus_no': '7084612207453005608', 'err_msg': 'success.', 'err_no': 0, 'result': ['开灯。'], 'sn': '815321948071649514820'}
Listening... Press Ctrl+C to exit
录音开始
录音完毕
{'corpus_no': '7084612237388507739', 'err_msg': 'success.', 'err_no': 0, 'result': ['关灯。'], 'sn': '842718868941649514827'}
Listening... Press Ctrl+C to exit
Listening... Press Ctrl+C to exit
